
Showing logs for build [32mdanielma911-http-demo-master-1[0m stage [32mmeta-pipeline[0m and container [32mstep-credential-initializer-6vn9c[0m
{"level":"warn","ts":1567186327.4168077,"logger":"fallback-logger","caller":"logging/config.go:69","msg":"Fetch GitHub commit ID from kodata failed: \"ref: refs/heads/master\" is not a valid GitHub commit ID"}
{"level":"info","ts":1567186327.4171343,"logger":"fallback-logger","caller":"creds-init/main.go:40","msg":"Credentials initialized."}

Showing logs for build [32mdanielma911-http-demo-master-1[0m stage [32mmeta-pipeline[0m and container [32mstep-working-dir-initializer-n8vfq[0m
{"level":"warn","ts":1567186334.201061,"logger":"fallback-logger","caller":"logging/config.go:69","msg":"Fetch GitHub commit ID from kodata failed: open /var/run/ko/HEAD: no such file or directory"}
{"level":"info","ts":1567186334.2016969,"logger":"fallback-logger","caller":"bash/main.go:65","msg":"Successfully executed command \"mkdir -p /workspace/source\""}

Showing logs for build [32mdanielma911-http-demo-master-1[0m stage [32mmeta-pipeline[0m and container [32mstep-place-tools[0m

Showing logs for build [32mdanielma911-http-demo-master-1[0m stage [32mmeta-pipeline[0m and container [32mstep-git-source-meta-danielma911-http-demo-mast-wdwwf[0m
{"level":"warn","ts":1567186345.9702265,"logger":"fallback-logger","caller":"logging/config.go:69","msg":"Fetch GitHub commit ID from kodata failed: \"ref: refs/heads/master\" is not a valid GitHub commit ID"}
{"level":"info","ts":1567186347.965179,"logger":"fallback-logger","caller":"git/git.go:102","msg":"Successfully cloned https://github.com/danielma911/http-demo.git @ 9381de6e286cf030421ab91cb500e3d0e02c564a in path /workspace/source"}

Showing logs for build [32mdanielma911-http-demo-master-1[0m stage [32mmeta-pipeline[0m and container [32mstep-git-merge[0m
Using SHAs from PULL_REFS=master:9381de6e286cf030421ab91cb500e3d0e02c564a
WARNING: no SHAs to merge, falling back to initial cloned commit

Showing logs for build [32mdanielma911-http-demo-master-1[0m stage [32mmeta-pipeline[0m and container [32mstep-merge-pull-refs[0m
SKIP merge-pull-refs: Nothing to merge

Showing logs for build [32mdanielma911-http-demo-master-1[0m stage [32mmeta-pipeline[0m and container [32mstep-create-effective-pipeline[0m
Deleting and cloning the Jenkins X versions repo
Cloning the Jenkins X versions repo https://github.com/jenkins-x/jenkins-x-versions.git with ref refs/heads/master to /builder/home/.**/jenkins-x-versions
Effective pipeline written to jenkins-x-effective.yml

Showing logs for build [32mdanielma911-http-demo-master-1[0m stage [32mmeta-pipeline[0m and container [32mstep-create-tekton-crds[0m
running command: echo \$(**-release-version) > VERSION

running command: ** step tag --version \$(cat VERSION)
Updating chart version in charts/http-demo/Chart.yaml to 0.0.1
Updating repository in charts/http-demo/values.yaml to 10.111.168.216:5000/danielma911/http-demo
Updating tag in charts/http-demo/values.yaml to 0.0.1
Tag v0.0.1 created and pushed to remote origin

WARNING: failed to find secret kaniko-secret in namespace **: secrets "kaniko-secret" not found
PipelineActivity for danielma911-http-demo-master-1
Applying changes 
upserted PipelineResource danielma911-http-demo-master for the git repository https://github.com/danielma911/http-demo.git
upserted Task danielma911-http-demo-master-from-build-pack-1
upserted Pipeline danielma911-http-demo-master-1
created PipelineRun danielma911-http-demo-master-1
created PipelineStructure danielma911-http-demo-master-1

Showing logs for build [32mdanielma911-http-demo-master-1[0m stage [32mfrom-build-pack[0m and container [32mstep-credential-initializer-pd67v[0m
{"level":"warn","ts":1567186369.4121182,"logger":"fallback-logger","caller":"logging/config.go:69","msg":"Fetch GitHub commit ID from kodata failed: \"ref: refs/heads/master\" is not a valid GitHub commit ID"}
{"level":"info","ts":1567186369.4123611,"logger":"fallback-logger","caller":"creds-init/main.go:40","msg":"Credentials initialized."}

Showing logs for build [32mdanielma911-http-demo-master-1[0m stage [32mfrom-build-pack[0m and container [32mstep-working-dir-initializer-jc4lk[0m
{"level":"warn","ts":1567186370.6691968,"logger":"fallback-logger","caller":"logging/config.go:69","msg":"Fetch GitHub commit ID from kodata failed: open /var/run/ko/HEAD: no such file or directory"}
{"level":"info","ts":1567186370.6699789,"logger":"fallback-logger","caller":"bash/main.go:65","msg":"Successfully executed command \"mkdir -p /workspace/source /workspace/source/charts/http-demo\""}

Showing logs for build [32mdanielma911-http-demo-master-1[0m stage [32mfrom-build-pack[0m and container [32mstep-place-tools[0m

Showing logs for build [32mdanielma911-http-demo-master-1[0m stage [32mfrom-build-pack[0m and container [32mstep-git-source-danielma911-http-demo-master-dt2ns[0m
{"level":"warn","ts":1567186389.7597866,"logger":"fallback-logger","caller":"logging/config.go:69","msg":"Fetch GitHub commit ID from kodata failed: \"ref: refs/heads/master\" is not a valid GitHub commit ID"}
{"level":"info","ts":1567186392.763408,"logger":"fallback-logger","caller":"git/git.go:102","msg":"Successfully cloned https://github.com/danielma911/http-demo.git @ v0.0.1 in path /workspace/source"}

Showing logs for build [32mdanielma911-http-demo-master-1[0m stage [32mfrom-build-pack[0m and container [32mstep-git-merge[0m
Using SHAs from PULL_REFS=master:9381de6e286cf030421ab91cb500e3d0e02c564a
WARNING: no SHAs to merge, falling back to initial cloned commit

Showing logs for build [32mdanielma911-http-demo-master-1[0m stage [32mfrom-build-pack[0m and container [32mstep-setup-jx-git-credentials[0m
Generated Git credentials file /workspace/xdg_config/git/credentials

Showing logs for build [32mdanielma911-http-demo-master-1[0m stage [32mfrom-build-pack[0m and container [32mstep-build-make-build[0m
CGO_ENABLED=0 GO15VENDOREXPERIMENT=1 go build -ldflags '' -o bin/http-demo main.go

Showing logs for build [32mdanielma911-http-demo-master-1[0m stage [32mfrom-build-pack[0m and container [32mstep-build-container-build[0m
[36mINFO[0m[0000] No base image, nothing to extract            
[36mINFO[0m[0000] cmd: EXPOSE                                  
[36mINFO[0m[0000] Adding exposed port: 8080/tcp                
[36mINFO[0m[0000] Using files from context: [/workspace/source/bin] 
[36mINFO[0m[0000] Skipping unpacking as no commands require it. 
[36mINFO[0m[0000] Taking snapshot of full filesystem...        
[36mINFO[0m[0000] EXPOSE 8080                                  
[36mINFO[0m[0000] cmd: EXPOSE                                  
[36mINFO[0m[0000] Adding exposed port: 8080/tcp                
[36mINFO[0m[0000] No files changed in this command, skipping snapshotting. 
[36mINFO[0m[0000] ENTRYPOINT ["/http-demo"]                    
[36mINFO[0m[0000] No files changed in this command, skipping snapshotting. 
[36mINFO[0m[0000] Using files from context: [/workspace/source/bin] 
[36mINFO[0m[0000] COPY ./bin/ /                                
[36mINFO[0m[0000] Taking snapshot of files...                  
2019/08/30 17:33:18 pushed blob: sha256:1f95c933c0884e7ed35a89fd4d41f3cc49d70d957253d06690831358b8c2718a
2019/08/30 17:33:18 pushed blob: sha256:a0c3f8f6c8457be6ca472acb90725b6c822e896a967d855bed4cebacb863afb6
2019/08/30 17:33:18 10.111.168.216:5000/danielma911/http-demo:0.0.1: digest: sha256:3ec6276f0116db701c67e1cc463ca8857ee69258a594d54225d879374dd61f11 size: 428

Showing logs for build [32mdanielma911-http-demo-master-1[0m stage [32mfrom-build-pack[0m and container [32mstep-build-post-build[0m
no CVE provider running in the current ** namespace so skip adding image to be analysed

Showing logs for build [32mdanielma911-http-demo-master-1[0m stage [32mfrom-build-pack[0m and container [32mstep-promote-changelog[0m
Converted /workspace/source/charts/http-demo to an unshallow repository
no previous commit version found so change diff unavailable

Showing logs for build [32mdanielma911-http-demo-master-1[0m stage [32mfrom-build-pack[0m and container [32mstep-promote-helm-release[0m
WARNING: No $CHART_REPOSITORY defined so using the default value of: http://jenkins-x-chartmuseum:8080
Adding missing Helm repo: storage.googleapis.com https://storage.googleapis.com/chartmuseum.jenkins-x.io
Successfully added Helm repository storage.googleapis.com.
Adding missing Helm repo: jenkins-x-chartmuseum http://jenkins-x-chartmuseum:8080
Successfully added Helm repository jenkins-x-chartmuseum.
WARNING: No $CHART_REPOSITORY defined so using the default value of: http://jenkins-x-chartmuseum:8080
Uploading chart file http-demo-0.0.1.tgz to http://jenkins-x-chartmuseum:8080/api/charts
Received 201 response: {"saved":true}

Showing logs for build [32mdanielma911-http-demo-master-1[0m stage [32mfrom-build-pack[0m and container [32mstep-promote-jx-promote[0m
WARNING: prow based install so skip waiting for the merge of Pull Requests to go green as currently there is an issue with gettingstatuses from the PR, see https://github.com/jenkins-x/**/issues/2410
Promoting app http-demo version 0.0.1 to namespace **-staging
WARNING: Waiting for the fork of ************************/environment-legsplanet-staging to appear...
error: pulling environment repo https://github.com/danielma911/environment-legsplanet-staging.git into /builder/home/.**/environments: failed to fork GitHub repo danielma911/environment-legsplanet-staging to user ************************: gave up waiting for Repository ************************/environment-legsplanet-staging to appear: GET https://api.github.com/repos/************************/environment-legsplanet-staging: 404 Not Found []
[31m
Pipeline failed on stage 'from-build-pack' : container 'step-promote-jx-promote'. The execution of the pipeline has stopped.[0m
